<?xml version="1.0" encoding="UTF-8"?>
<!-- Generated by org.testng.reporters.JUnitXMLReporter -->
<testsuite hostname="karthik-PC" ignored="0" name="SampleTest" tests="10" failures="5" timestamp="08 Oct 2020 15:18:29 GMT" time="123.004" errors="0">
  <testcase name="calendertable1" time="0.904" classname="programs.handlecalendertable"/>
  <testcase name="bootstrap1" time="16.51" classname="programs.bootstrapdropdown"/>
  <testcase name="verifytitle" time="0.109" classname="programs.positions"/>
  <testcase name="handleradiobutton" time="0.446" classname="programs.handleradobuttoandcheckbox">
    <failure type="java.lang.AssertionError" message="Lists differ at element [0]: c# != java expected [c#] but found [java]">
      <![CDATA[java.lang.AssertionError: Lists differ at element [0]: c# != java expected [c#] but found [java]
	at programs.handleradobuttoandcheckbox.handleradiobutton(handleradobuttoandcheckbox.java:101)
... Removed 30 stack frames]]>
    </failure>
  </testcase> <!-- handleradiobutton -->
  <testcase name="bootstrap2" time="9.821" classname="programs.bootstrapdropdown"/>
  <testcase name="verifylog" time="0.052" classname="programs.positions">
    <failure type="java.lang.AssertionError" message="expected [false] but found [true]">
      <![CDATA[java.lang.AssertionError: expected [false] but found [true]
	at programs.positions.verifylog(positions.java:87)
... Removed 29 stack frames]]>
    </failure>
  </testcase> <!-- verifylog -->
  <testcase name="checkbox" time="0.382" classname="programs.handleradobuttoandcheckbox">
    <failure type="java.lang.AssertionError" message="Lists differ at element [0]: code != sing expected [code] but found [sing]">
      <![CDATA[java.lang.AssertionError: Lists differ at element [0]: code != sing expected [code] but found [sing]
	at programs.handleradobuttoandcheckbox.checkbox(handleradobuttoandcheckbox.java:134)
... Removed 30 stack frames]]>
    </failure>
  </testcase> <!-- checkbox -->
  <testcase name="bootstrap3" time="0.469" classname="programs.bootstrapdropdown"/>
  <testcase name="bootstrap4" time="11.287" classname="programs.bootstrapdropdown">
    <failure type="java.lang.AssertionError" message="failed due to mismatch: lists don&amp;apos;t have the same size expected [0] but found [14]">
      <![CDATA[java.lang.AssertionError: failed due to mismatch: lists don't have the same size expected [0] but found [14]
	at programs.bootstrapdropdown.bootstrap4(bootstrapdropdown.java:133)
... Removed 31 stack frames]]>
    </failure>
  </testcase> <!-- bootstrap4 -->
  <testcase name="dropdown6" time="5.774" classname="programs.writescript">
    <failure type="java.lang.AssertionError" message="failed: Lists differ at element [0]: Apr != Month expected [Apr] but found [Month]">
      <![CDATA[java.lang.AssertionError: failed: Lists differ at element [0]: Apr != Month expected [Apr] but found [Month]
	at programs.writescript.dropdown6(writescript.java:199)
... Removed 29 stack frames]]>
    </failure>
  </testcase> <!-- dropdown6 -->
</testsuite> <!-- SampleTest -->
