<?xml version="1.0" encoding="UTF-8"?>
<testng-results skipped="0" failed="2" ignored="0" total="2" passed="0">
  <reporter-output>
  </reporter-output>
  <suite name="Default suite" duration-ms="22691" started-at="2020-10-08T14:10:12Z" finished-at="2020-10-08T14:10:35Z">
    <groups>
    </groups>
    <test name="Default test" duration-ms="22691" started-at="2020-10-08T14:10:12Z" finished-at="2020-10-08T14:10:35Z">
      <class name="programs.handleradobuttoandcheckbox">
        <test-method status="PASS" signature="reportsetup()[pri:0, instance:programs.handleradobuttoandcheckbox@14ba872]" name="reportsetup" is-config="true" duration-ms="167" started-at="2020-10-08T19:40:12Z" finished-at="2020-10-08T19:40:12Z">
          <reporter-output>
          </reporter-output>
        </test-method> <!-- reportsetup -->
        <test-method status="PASS" signature="launchthebrowser()[pri:0, instance:programs.handleradobuttoandcheckbox@14ba872]" name="launchthebrowser" is-config="true" duration-ms="11764" started-at="2020-10-08T19:40:12Z" finished-at="2020-10-08T19:40:24Z">
          <reporter-output>
          </reporter-output>
        </test-method> <!-- launchthebrowser -->
        <test-method status="FAIL" signature="handleradiobutton()[pri:1, instance:programs.handleradobuttoandcheckbox@14ba872]" name="handleradiobutton" duration-ms="155" started-at="2020-10-08T19:40:24Z" finished-at="2020-10-08T19:40:24Z">
          <exception class="java.lang.AssertionError">
            <message>
              <![CDATA[Lists differ at element [0]: c# != java expected [c#] but found [java]]]>
            </message>
            <full-stacktrace>
              <![CDATA[java.lang.AssertionError: Lists differ at element [0]: c# != java expected [c#] but found [java]
	at org.testng.Assert.fail(Assert.java:94)
	at org.testng.Assert.failNotEquals(Assert.java:513)
	at org.testng.Assert.assertEqualsImpl(Assert.java:135)
	at org.testng.Assert.assertEquals(Assert.java:568)
	at org.testng.Assert.assertEquals(Assert.java:533)
	at programs.handleradobuttoandcheckbox.handleradiobutton(handleradobuttoandcheckbox.java:101)
	at sun.reflect.NativeMethodAccessorImpl.invoke0(Native Method)
	at sun.reflect.NativeMethodAccessorImpl.invoke(NativeMethodAccessorImpl.java:62)
	at sun.reflect.DelegatingMethodAccessorImpl.invoke(DelegatingMethodAccessorImpl.java:43)
	at java.lang.reflect.Method.invoke(Method.java:498)
	at org.testng.internal.MethodInvocationHelper.invokeMethod(MethodInvocationHelper.java:104)
	at org.testng.internal.Invoker.invokeMethod(Invoker.java:645)
	at org.testng.internal.Invoker.invokeTestMethod(Invoker.java:851)
	at org.testng.internal.Invoker.invokeTestMethods(Invoker.java:1177)
	at org.testng.internal.TestMethodWorker.invokeTestMethods(TestMethodWorker.java:129)
	at org.testng.internal.TestMethodWorker.run(TestMethodWorker.java:112)
	at org.testng.TestRunner.privateRun(TestRunner.java:756)
	at org.testng.TestRunner.run(TestRunner.java:610)
	at org.testng.SuiteRunner.runTest(SuiteRunner.java:387)
	at org.testng.SuiteRunner.runSequentially(SuiteRunner.java:382)
	at org.testng.SuiteRunner.privateRun(SuiteRunner.java:340)
	at org.testng.SuiteRunner.run(SuiteRunner.java:289)
	at org.testng.SuiteRunnerWorker.runSuite(SuiteRunnerWorker.java:52)
	at org.testng.SuiteRunnerWorker.run(SuiteRunnerWorker.java:86)
	at org.testng.TestNG.runSuitesSequentially(TestNG.java:1293)
	at org.testng.TestNG.runSuitesLocally(TestNG.java:1218)
	at org.testng.TestNG.runSuites(TestNG.java:1133)
	at org.testng.TestNG.run(TestNG.java:1104)
	at org.testng.remote.AbstractRemoteTestNG.run(AbstractRemoteTestNG.java:115)
	at org.testng.remote.RemoteTestNG.initAndRun(RemoteTestNG.java:251)
	at org.testng.remote.RemoteTestNG.main(RemoteTestNG.java:77)
]]>
            </full-stacktrace>
          </exception> <!-- java.lang.AssertionError -->
          <reporter-output>
          </reporter-output>
        </test-method> <!-- handleradiobutton -->
        <test-method status="PASS" signature="teardown(org.testng.ITestResult)[pri:0, instance:programs.handleradobuttoandcheckbox@14ba872]" name="teardown" is-config="true" duration-ms="1178" started-at="2020-10-08T19:40:24Z" finished-at="2020-10-08T19:40:25Z">
          <params>
            <param index="0">
              <value>
                <![CDATA[[TestResult name=handleradiobutton status=FAILURE method=handleradobuttoandcheckbox.handleradiobutton()[pri:1, instance:programs.handleradobuttoandcheckbox@14ba872] output={null}]]]>
              </value>
            </param>
          </params>
          <reporter-output>
          </reporter-output>
        </test-method> <!-- teardown -->
        <test-method status="PASS" signature="launchthebrowser()[pri:0, instance:programs.handleradobuttoandcheckbox@14ba872]" name="launchthebrowser" is-config="true" duration-ms="8373" started-at="2020-10-08T19:40:25Z" finished-at="2020-10-08T19:40:34Z">
          <reporter-output>
          </reporter-output>
        </test-method> <!-- launchthebrowser -->
        <test-method status="FAIL" signature="checkbox()[pri:2, instance:programs.handleradobuttoandcheckbox@14ba872]" name="checkbox" duration-ms="79" started-at="2020-10-08T19:40:34Z" finished-at="2020-10-08T19:40:34Z">
          <exception class="java.lang.AssertionError">
            <message>
              <![CDATA[Lists differ at element [0]: code != sing expected [code] but found [sing]]]>
            </message>
            <full-stacktrace>
              <![CDATA[java.lang.AssertionError: Lists differ at element [0]: code != sing expected [code] but found [sing]
	at org.testng.Assert.fail(Assert.java:94)
	at org.testng.Assert.failNotEquals(Assert.java:513)
	at org.testng.Assert.assertEqualsImpl(Assert.java:135)
	at org.testng.Assert.assertEquals(Assert.java:568)
	at org.testng.Assert.assertEquals(Assert.java:533)
	at programs.handleradobuttoandcheckbox.checkbox(handleradobuttoandcheckbox.java:134)
	at sun.reflect.NativeMethodAccessorImpl.invoke0(Native Method)
	at sun.reflect.NativeMethodAccessorImpl.invoke(NativeMethodAccessorImpl.java:62)
	at sun.reflect.DelegatingMethodAccessorImpl.invoke(DelegatingMethodAccessorImpl.java:43)
	at java.lang.reflect.Method.invoke(Method.java:498)
	at org.testng.internal.MethodInvocationHelper.invokeMethod(MethodInvocationHelper.java:104)
	at org.testng.internal.Invoker.invokeMethod(Invoker.java:645)
	at org.testng.internal.Invoker.invokeTestMethod(Invoker.java:851)
	at org.testng.internal.Invoker.invokeTestMethods(Invoker.java:1177)
	at org.testng.internal.TestMethodWorker.invokeTestMethods(TestMethodWorker.java:129)
	at org.testng.internal.TestMethodWorker.run(TestMethodWorker.java:112)
	at org.testng.TestRunner.privateRun(TestRunner.java:756)
	at org.testng.TestRunner.run(TestRunner.java:610)
	at org.testng.SuiteRunner.runTest(SuiteRunner.java:387)
	at org.testng.SuiteRunner.runSequentially(SuiteRunner.java:382)
	at org.testng.SuiteRunner.privateRun(SuiteRunner.java:340)
	at org.testng.SuiteRunner.run(SuiteRunner.java:289)
	at org.testng.SuiteRunnerWorker.runSuite(SuiteRunnerWorker.java:52)
	at org.testng.SuiteRunnerWorker.run(SuiteRunnerWorker.java:86)
	at org.testng.TestNG.runSuitesSequentially(TestNG.java:1293)
	at org.testng.TestNG.runSuitesLocally(TestNG.java:1218)
	at org.testng.TestNG.runSuites(TestNG.java:1133)
	at org.testng.TestNG.run(TestNG.java:1104)
	at org.testng.remote.AbstractRemoteTestNG.run(AbstractRemoteTestNG.java:115)
	at org.testng.remote.RemoteTestNG.initAndRun(RemoteTestNG.java:251)
	at org.testng.remote.RemoteTestNG.main(RemoteTestNG.java:77)
]]>
            </full-stacktrace>
          </exception> <!-- java.lang.AssertionError -->
          <reporter-output>
          </reporter-output>
        </test-method> <!-- checkbox -->
        <test-method status="PASS" signature="teardown(org.testng.ITestResult)[pri:0, instance:programs.handleradobuttoandcheckbox@14ba872]" name="teardown" is-config="true" duration-ms="953" started-at="2020-10-08T19:40:34Z" finished-at="2020-10-08T19:40:35Z">
          <params>
            <param index="0">
              <value>
                <![CDATA[[TestResult name=checkbox status=FAILURE method=handleradobuttoandcheckbox.checkbox()[pri:2, instance:programs.handleradobuttoandcheckbox@14ba872] output={null}]]]>
              </value>
            </param>
          </params>
          <reporter-output>
          </reporter-output>
        </test-method> <!-- teardown -->
      </class> <!-- programs.handleradobuttoandcheckbox -->
    </test> <!-- Default test -->
  </suite> <!-- Default suite -->
</testng-results>
